<?xml version="1.0" encoding="UTF-8" ?>
<testsuite tests="1" failures="0" name="es.ubu.lsi.AppTest" time="0.002" errors="0" skipped="0">
  <properties>
    <property name="java.runtime.name" value="Java(TM) SE Runtime Environment"/>
    <property name="sun.boot.library.path" value="C:\Program Files\Java\jdk1.8.0_361\jre\bin"/>
    <property name="java.vm.version" value="25.361-b09"/>
    <property name="java.vm.vendor" value="Oracle Corporation"/>
    <property name="maven.multiModuleProjectDirectory" value="C:/Users/Josema/Desktop/UNIVERSIDAD/7 SEPTIMO/SIST. DISTRIBUIDOS/Workspace/Practica2ChatRMI"/>
    <property name="java.vendor.url" value="http://java.oracle.com/"/>
    <property name="path.separator" value=";"/>
    <property name="guice.disable.misplaced.annotation.check" value="true"/>
    <property name="java.vm.name" value="Java HotSpot(TM) 64-Bit Server VM"/>
    <property name="file.encoding.pkg" value="sun.io"/>
    <property name="user.script" value=""/>
    <property name="user.country" value="ES"/>
    <property name="sun.java.launcher" value="SUN_STANDARD"/>
    <property name="sun.os.patch.level" value=""/>
    <property name="java.vm.specification.name" value="Java Virtual Machine Specification"/>
    <property name="user.dir" value="C:\Users\Josema\Desktop\UNIVERSIDAD\7 SEPTIMO\SIST. DISTRIBUIDOS\Workspace\Practica2ChatRMI"/>
    <property name="java.runtime.version" value="1.8.0_361-b09"/>
    <property name="java.awt.graphicsenv" value="sun.awt.Win32GraphicsEnvironment"/>
    <property name="java.endorsed.dirs" value="C:\Program Files\Java\jdk1.8.0_361\jre\lib\endorsed"/>
    <property name="os.arch" value="amd64"/>
    <property name="java.io.tmpdir" value="C:\Users\Josema\AppData\Local\Temp\"/>
    <property name="line.separator" value="
"/>
    <property name="java.vm.specification.vendor" value="Oracle Corporation"/>
    <property name="user.variant" value=""/>
    <property name="os.name" value="Windows 10"/>
    <property name="classworlds.conf" value="C:/Users/Josema/Desktop/UNIVERSIDAD/7 SEPTIMO/SIST. DISTRIBUIDOS/programas/apache-maven-3.8.7/bin/m2.conf"/>
    <property name="sun.jnu.encoding" value="Cp1252"/>
    <property name="java.library.path" value="C:\Program Files\Java\jdk1.8.0_361\bin;C:\WINDOWS\Sun\Java\bin;C:\WINDOWS\system32;C:\WINDOWS;C:\Users\Josema\bin;C:\Program Files\Git\mingw64\bin;C:\Program Files\Git\usr\local\bin;C:\Program Files\Git\usr\bin;C:\Program Files\Git\usr\bin;C:\Program Files\Git\mingw64\bin;C:\Program Files\Git\usr\bin;C:\Users\Josema\bin;C:\Program Files (x86)\Common Files\Oracle\Java\javapath;C:\windows\system32;C:\program files\matlab\r2023b\bin;C:\program files\nvidia corporation\nvidia nvdlisr;C:\Program Files (x86)\NVIDIA Corporation\PhysX\Common;C:\Program Files\Java\javacc-javacc-7.0.12\scripts;C:\ProgramData\chocolatey\bin;C:\Program Files\Java\jdk1.8.0_361\bin;C:\Users\Josema\Desktop\UNIVERSIDAD\7 SEPTIMO\SIST. DISTRIBUIDOS\programas\apache-ant-1.10.13\bin;C:\Users\Josema\Desktop\UNIVERSIDAD\7 SEPTIMO\SIST. DISTRIBUIDOS\programas\apache-maven-3.8.7\bin;C:\Users\Josema\Desktop\UNIVERSIDAD\7 SEPTIMO\SIST. DISTRIBUIDOS\programas\apache-tomcat-10.0.27\bin;C:\Users\Josema\Desktop\UNIVERSIDAD\7 SEPTIMO\SIST. DISTRIBUIDOS\programas\glassfish5\glassfish\bin;C:\Users\Josema\AppData\Local\Programs\Python\Launcher;C:\Users\Josema\AppData\Local\Programs\Python\Python311\Scripts;C:\Users\Josema\AppData\Local\Programs\Python\Python311;C:\Users\Josema\AppData\Local\Programs\Python\Python310\Scripts;C:\Users\Josema\AppData\Local\Programs\Python\Python310;C:\Users\Josema\AppData\Local\Microsoft\WindowsApps;C:\Program Files\Azure Data Studio\bin;C:\Users\Josema\.dotnet\tools;C:\Users\Josema\AppData\Local\Programs\Microsoft VS Code\bin;C:\Program Files\Java\javacc-javacc-7.0.12\scripts;C:\Program Files\Java\jdk1.8.0_361\bin;C:\Users\Josema\AppData\Local\GitHubDesktop\bin;C:\Program Files\Git\usr\bin\vendor_perl;C:\Program Files\Git\usr\bin\core_perl;."/>
    <property name="maven.conf" value="C:/Users/Josema/Desktop/UNIVERSIDAD/7 SEPTIMO/SIST. DISTRIBUIDOS/programas/apache-maven-3.8.7/conf"/>
    <property name="java.specification.name" value="Java Platform API Specification"/>
    <property name="java.class.version" value="52.0"/>
    <property name="sun.management.compiler" value="HotSpot 64-Bit Tiered Compilers"/>
    <property name="os.version" value="10.0"/>
    <property name="library.jansi.path" value="C:/Users/Josema/Desktop/UNIVERSIDAD/7 SEPTIMO/SIST. DISTRIBUIDOS/programas/apache-maven-3.8.7/lib/jansi-native"/>
    <property name="user.home" value="C:\Users\Josema"/>
    <property name="user.timezone" value="Europe/Paris"/>
    <property name="java.awt.printerjob" value="sun.awt.windows.WPrinterJob"/>
    <property name="java.specification.version" value="1.8"/>
    <property name="file.encoding" value="Cp1252"/>
    <property name="user.name" value="Josema"/>
    <property name="java.class.path" value="C:/Users/Josema/Desktop/UNIVERSIDAD/7 SEPTIMO/SIST. DISTRIBUIDOS/programas/apache-maven-3.8.7/boot/plexus-classworlds-2.6.0.jar"/>
    <property name="java.vm.specification.version" value="1.8"/>
    <property name="sun.arch.data.model" value="64"/>
    <property name="java.home" value="C:\Program Files\Java\jdk1.8.0_361\jre"/>
    <property name="sun.java.command" value="org.codehaus.plexus.classworlds.launcher.Launcher clean package"/>
    <property name="java.specification.vendor" value="Oracle Corporation"/>
    <property name="user.language" value="es"/>
    <property name="awt.toolkit" value="sun.awt.windows.WToolkit"/>
    <property name="java.vm.info" value="mixed mode"/>
    <property name="java.version" value="1.8.0_361"/>
    <property name="java.ext.dirs" value="C:\Program Files\Java\jdk1.8.0_361\jre\lib\ext;C:\WINDOWS\Sun\Java\lib\ext"/>
    <property name="sun.boot.class.path" value="C:\Program Files\Java\jdk1.8.0_361\jre\lib\resources.jar;C:\Program Files\Java\jdk1.8.0_361\jre\lib\rt.jar;C:\Program Files\Java\jdk1.8.0_361\jre\lib\jsse.jar;C:\Program Files\Java\jdk1.8.0_361\jre\lib\jce.jar;C:\Program Files\Java\jdk1.8.0_361\jre\lib\charsets.jar;C:\Program Files\Java\jdk1.8.0_361\jre\lib\jfr.jar;C:\Program Files\Java\jdk1.8.0_361\jre\classes"/>
    <property name="java.vendor" value="Oracle Corporation"/>
    <property name="java.specification.maintenance.version" value="4"/>
    <property name="maven.home" value="C:\Users\Josema\Desktop\UNIVERSIDAD\7 SEPTIMO\SIST. DISTRIBUIDOS\programas\apache-maven-3.8.7"/>
    <property name="file.separator" value="\"/>
    <property name="java.vendor.url.bug" value="http://bugreport.sun.com/bugreport/"/>
    <property name="sun.cpu.endian" value="little"/>
    <property name="sun.io.unicode.encoding" value="UnicodeLittle"/>
    <property name="sun.desktop" value="windows"/>
    <property name="sun.cpu.isalist" value="amd64"/>
  </properties>
  <testcase classname="es.ubu.lsi.AppTest" name="testApp" time="0.002"/>
</testsuite>